\BOOKMARK [1][-]{section.1}{\376\377\000I\000n\000t\000r\000o\000d\000u\000c\000t\000i\000o\000n}{}% 1
\BOOKMARK [1][-]{section.2}{\376\377\000Q\000u\000a\000d\000r\000a\000t\000i\000c\000\040\000s\000e\000t\000u\000p\000\040\000a\000n\000d\000\040\000b\000a\000s\000i\000c\000\040\000s\000t\000r\000u\000c\000t\000u\000r\000e\000s\000\040\000\050\000B\000a\000s\000e\000.\000l\000e\000a\000n\000\051}{}% 2
\BOOKMARK [2][-]{subsection.2.1}{\376\377\000D\000e\000f\000i\000n\000i\000t\000i\000o\000n\000\040\0002\000.\0001\000\040\000\050\000q\000u\000a\000d\000r\000a\000t\000i\000c\000\040\000p\000a\000r\000a\000m\000e\000t\000e\000r\000\040\000p\000a\000c\000k\000a\000g\000e\000\051}{section.2}% 3
\BOOKMARK [2][-]{subsection.2.2}{\376\377\000D\000e\000f\000i\000n\000i\000t\000i\000o\000n\000\040\0002\000.\0002\000\040\000\050\000a\000m\000b\000i\000e\000n\000t\000\040\000t\000y\000p\000e\000\051}{section.2}% 4
\BOOKMARK [2][-]{subsection.2.3}{\376\377\000D\000e\000f\000i\000n\000i\000t\000i\000o\000n\000\040\0002\000.\0003\000\040\000\050\000r\000e\000s\000c\000a\000l\000i\000n\000g\000\040\000e\000q\000u\000i\000v\000a\000l\000e\000n\000c\000e\000\051}{section.2}% 5
\BOOKMARK [2][-]{subsection.2.4}{\376\377\000D\000e\000f\000i\000n\000i\000t\000i\000o\000n\000\040\0002\000.\0004\000\040\000\050\000t\000r\000a\000c\000e\000\040\000a\000n\000d\000\040\000n\000o\000r\000m\000\040\000a\000b\000b\000r\000e\000v\000i\000a\000t\000i\000o\000n\000s\000\051}{section.2}% 6
\BOOKMARK [2][-]{subsection.2.5}{\376\377\000D\000e\000f\000i\000n\000i\000t\000i\000o\000n\000\040\0002\000.\0005\000\040\000\050\000r\000a\000t\000i\000o\000n\000a\000l\000\040\000e\000m\000b\000e\000d\000d\000i\000n\000g\000\051}{section.2}% 7
\BOOKMARK [2][-]{subsection.2.6}{\376\377\000D\000e\000f\000i\000n\000i\000t\000i\000o\000n\000\040\0002\000.\0006\000\040\000\050\000n\000o\000n\000s\000q\000u\000a\000r\000e\000\040\000r\000a\000t\000i\000o\000n\000a\000l\000\040\000c\000o\000n\000d\000i\000t\000i\000o\000n\000\051}{section.2}% 8
\BOOKMARK [2][-]{subsection.2.7}{\376\377\000P\000r\000o\000p\000o\000s\000i\000t\000i\000o\000n\000\040\0002\000.\0007\000\040\000\050\000s\000q\000u\000a\000r\000e\000f\000r\000e\000e\000\040\000n\000o\000n\000t\000r\000i\000v\000i\000a\000l\000\040\000i\000m\000p\000l\000i\000e\000s\000\040\000n\000o\000n\000s\000q\000u\000a\000r\000e\000\040\000i\000n\000\040\000Z\000\051}{section.2}% 9
\BOOKMARK [2][-]{subsection.2.8}{\376\377\000P\000r\000o\000p\000o\000s\000i\000t\000i\000o\000n\000\040\0002\000.\0008\000\040\000\050\000p\000a\000r\000a\000m\000e\000t\000e\000r\000\040\000h\000y\000p\000o\000t\000h\000e\000s\000i\000s\000\040\000g\000i\000v\000e\000s\000\040\000r\000a\000t\000i\000o\000n\000a\000l\000\040\000n\000o\000n\000s\000q\000u\000a\000r\000e\000\051}{section.2}% 10
\BOOKMARK [2][-]{subsection.2.9}{\376\377\000P\000r\000o\000p\000o\000s\000i\000t\000i\000o\000n\000\040\0002\000.\0009\000\040\000\050\000f\000i\000e\000l\000d\000\040\000s\000t\000r\000u\000c\000t\000u\000r\000e\000\051}{section.2}% 11
\BOOKMARK [1][-]{section.3}{\376\377\000T\000r\000a\000c\000e\000,\000\040\000n\000o\000r\000m\000,\000\040\000a\000n\000d\000\040\000q\000u\000a\000d\000r\000a\000t\000i\000c\000\040\000i\000d\000e\000n\000t\000i\000t\000y\000\040\000\050\000M\000i\000n\000i\000m\000a\000l\000P\000o\000l\000y\000n\000o\000m\000i\000a\000l\000.\000l\000e\000a\000n\000\051}{}% 12
\BOOKMARK [2][-]{subsection.3.1}{\376\377\000T\000h\000e\000o\000r\000e\000m\000\040\0003\000.\0001\000\040\000\050\000t\000r\000a\000c\000e\000\040\000f\000o\000r\000m\000u\000l\000a\000\051}{section.3}% 13
\BOOKMARK [2][-]{subsection.3.2}{\376\377\000T\000h\000e\000o\000r\000e\000m\000\040\0003\000.\0002\000\040\000\050\000n\000o\000r\000m\000\040\000f\000o\000r\000m\000u\000l\000a\000\051}{section.3}% 14
\BOOKMARK [2][-]{subsection.3.3}{\376\377\000T\000h\000e\000o\000r\000e\000m\000\040\0003\000.\0003\000\040\000\050\000q\000u\000a\000d\000r\000a\000t\000i\000c\000\040\000p\000o\000l\000y\000n\000o\000m\000i\000a\000l\000\040\000a\000n\000n\000i\000h\000i\000l\000a\000t\000i\000o\000n\000\051}{section.3}% 15
\BOOKMARK [1][-]{section.4}{\376\377\000N\000o\000n\000-\000i\000s\000o\000m\000o\000r\000p\000h\000i\000s\000m\000\040\000o\000f\000\040\000d\000i\000s\000t\000i\000n\000c\000t\000\040\000q\000u\000a\000d\000r\000a\000t\000i\000c\000\040\000f\000i\000e\000l\000d\000s\000\040\000\050\000N\000o\000n\000I\000s\000o\000.\000l\000e\000a\000n\000\051}{}% 16
\BOOKMARK [2][-]{subsection.4.1}{\376\377\000L\000e\000m\000m\000a\000\040\0004\000.\0001}{section.4}% 17
\BOOKMARK [2][-]{subsection.4.2}{\376\377\000L\000e\000m\000m\000a\000\040\0004\000.\0002}{section.4}% 18
\BOOKMARK [2][-]{subsection.4.3}{\376\377\000L\000e\000m\000m\000a\000\040\0004\000.\0003}{section.4}% 19
\BOOKMARK [2][-]{subsection.4.4}{\376\377\000T\000h\000e\000o\000r\000e\000m\000\040\0004\000.\0004\000\040\000\050\000d\000i\000s\000t\000i\000n\000c\000t\000\040\000p\000a\000r\000a\000m\000e\000t\000e\000r\000s\000\040\000g\000i\000v\000e\000\040\000n\000o\000n\000-\000i\000s\000o\000m\000o\000r\000p\000h\000i\000c\000\040\000f\000i\000e\000l\000d\000s\000\051}{section.4}% 20
\BOOKMARK [1][-]{section.5}{\376\377\000H\000a\000l\000f\000-\000i\000n\000t\000e\000g\000r\000a\000l\000\040\000n\000o\000r\000m\000a\000l\000\040\000f\000o\000r\000m\000\040\000\050\000H\000a\000l\000f\000I\000n\000t\000.\000l\000e\000a\000n\000\051}{}% 21
\BOOKMARK [2][-]{subsection.5.1}{\376\377\000D\000e\000f\000i\000n\000i\000t\000i\000o\000n\000\040\0005\000.\0001}{section.5}% 22
\BOOKMARK [2][-]{subsection.5.2}{\376\377\000T\000h\000e\000o\000r\000e\000m\000\040\0005\000.\0002\000\040\000\050\000t\000r\000a\000c\000e\000\040\000o\000f\000\040\000h\000a\000l\000f\000-\000i\000n\000t\000e\000g\000r\000a\000l\000\040\000e\000l\000e\000m\000e\000n\000t\000\051}{section.5}% 23
\BOOKMARK [2][-]{subsection.5.3}{\376\377\000T\000h\000e\000o\000r\000e\000m\000\040\0005\000.\0003\000\040\000\050\000n\000o\000r\000m\000\040\000o\000f\000\040\000h\000a\000l\000f\000-\000i\000n\000t\000e\000g\000r\000a\000l\000\040\000e\000l\000e\000m\000e\000n\000t\000\051}{section.5}% 24
\BOOKMARK [1][-]{section.6}{\376\377\000M\000o\000d\000-\0004\000\040\000a\000n\000a\000l\000y\000s\000i\000s\000\040\000a\000n\000d\000\040\000p\000a\000r\000i\000t\000y\000\040\000c\000l\000a\000s\000s\000i\000f\000i\000c\000a\000t\000i\000o\000n\000\040\000\050\000M\000o\000d\000F\000o\000u\000r\000C\000r\000i\000t\000e\000r\000i\000a\000.\000l\000e\000a\000n\000\051}{}% 25
\BOOKMARK [2][-]{subsection.6.1}{\376\377\000L\000e\000m\000m\000a\000\040\0006\000.\0001}{section.6}% 26
\BOOKMARK [2][-]{subsection.6.2}{\376\377\000L\000e\000m\000m\000a\000\040\0006\000.\0002}{section.6}% 27
\BOOKMARK [2][-]{subsection.6.3}{\376\377\000L\000e\000m\000m\000a\000\040\0006\000.\0003}{section.6}% 28
\BOOKMARK [2][-]{subsection.6.4}{\376\377\000L\000e\000m\000m\000a\000\040\0006\000.\0004}{section.6}% 29
\BOOKMARK [2][-]{subsection.6.5}{\376\377\000L\000e\000m\000m\000a\000\040\0006\000.\0005\000\040\000\050\000i\000n\000t\000e\000r\000n\000a\000l\000\040\000e\000q\000u\000i\000v\000a\000l\000e\000n\000c\000e\000\051}{section.6}% 30
\BOOKMARK [2][-]{subsection.6.6}{\376\377\000T\000h\000e\000o\000r\000e\000m\000\040\0006\000.\0006\000\040\000\050\000m\000a\000i\000n\000\040\000m\000o\000d\000-\0004\000\040\000c\000r\000i\000t\000e\000r\000i\000o\000n\000\051}{section.6}% 31
\BOOKMARK [2][-]{subsection.6.7}{\376\377\000T\000h\000e\000o\000r\000e\000m\000\040\0006\000.\0007\000\040\000\050\000f\000o\000r\000c\000i\000n\000g\000\040\000e\000v\000e\000n\040\023\000e\000v\000e\000n\000\040\000w\000h\000e\000n\000\040\000d\000\040\000i\000s\000\040\000n\000o\000t\000\040\0001\000\040\000m\000o\000d\000\040\0004\000\051}{section.6}% 32
\BOOKMARK [2][-]{subsection.6.8}{\376\377\000T\000h\000e\000o\000r\000e\000m\000\040\0006\000.\0008\000\040\000\050\000e\000q\000u\000i\000v\000a\000l\000e\000n\000c\000e\000\040\000i\000n\000\040\000n\000o\000n\000-\0001\000\040\000m\000o\000d\000\040\0004\000\040\000b\000r\000a\000n\000c\000h\000\051}{section.6}% 33
\BOOKMARK [2][-]{subsection.6.9}{\376\377\000T\000h\000e\000o\000r\000e\000m\000\040\0006\000.\0009\000\040\000\050\000e\000q\000u\000i\000v\000a\000l\000e\000n\000c\000e\000\040\000i\000n\000\040\0001\000\040\000m\000o\000d\000\040\0004\000\040\000b\000r\000a\000n\000c\000h\000\051}{section.6}% 34
\BOOKMARK [1][-]{section.7}{\376\377\000E\000m\000b\000e\000d\000d\000i\000n\000g\000\040\000i\000n\000t\000o\000\040\000Q\000\050\000s\000q\000r\000t\000\040\000d\000\051\000\040\000a\000n\000d\000\040\000i\000m\000a\000g\000e\000\040\000c\000h\000a\000r\000a\000c\000t\000e\000r\000i\000z\000a\000t\000i\000o\000n\000\040\000\050\000C\000l\000a\000s\000s\000i\000f\000i\000c\000a\000t\000i\000o\000n\000T\000o\000Z\000s\000q\000r\000t\000d\000.\000l\000e\000a\000n\000\051}{}% 35
\BOOKMARK [2][-]{subsection.7.1}{\376\377\000D\000e\000f\000i\000n\000i\000t\000i\000o\000n\000\040\0007\000.\0001\000\040\000\050\000c\000a\000n\000o\000n\000i\000c\000a\000l\000\040\000e\000m\000b\000e\000d\000d\000i\000n\000g\000\051}{section.7}% 36
\BOOKMARK [2][-]{subsection.7.2}{\376\377\000T\000h\000e\000o\000r\000e\000m\000\040\0007\000.\0002\000\040\000\050\000i\000n\000j\000e\000c\000t\000i\000v\000i\000t\000y\000\051}{section.7}% 37
\BOOKMARK [2][-]{subsection.7.3}{\376\377\000D\000e\000f\000i\000n\000i\000t\000i\000o\000n\000\040\0007\000.\0003\000\040\000\050\000e\000q\000u\000i\000v\000a\000l\000e\000n\000c\000e\000\040\000w\000i\000t\000h\000\040\000i\000m\000a\000g\000e\000\051}{section.7}% 38
\BOOKMARK [2][-]{subsection.7.4}{\376\377\000T\000h\000e\000o\000r\000e\000m\000\040\0007\000.\0004\000\040\000\050\000h\000a\000l\000f\000-\000i\000n\000t\000e\000g\000r\000a\000l\000\040\000i\000m\000a\000g\000e\000\040\000c\000r\000i\000t\000e\000r\000i\000o\000n\000\051}{section.7}% 39
\BOOKMARK [2][-]{subsection.7.5}{\376\377\000T\000h\000e\000o\000r\000e\000m\000\040\0007\000.\0005\000\040\000\050\000c\000l\000a\000s\000s\000i\000f\000i\000c\000a\000t\000i\000o\000n\000\040\000i\000n\000\040\000d\000\040\000n\000o\000t\000\040\000e\000q\000u\000i\000v\000\040\0001\000\040\000m\000o\000d\000\040\0004\000\040\000b\000r\000a\000n\000c\000h\000\051}{section.7}% 40
\BOOKMARK [1][-]{section.8}{\376\377\000P\000r\000o\000g\000r\000e\000s\000s\000\040\000a\000n\000d\000\040\000r\000e\000m\000a\000i\000n\000i\000n\000g\000\040\000w\000o\000r\000k}{}% 41
