{"synthetic": false,
 "schemaVersion": "2025-09-10",
 "outputs":
 {"o": ["3299c6bc00c4946b.olean"],
  "i": "46792c70d67aaf1a.ilean",
  "c": "b8a3665d45707aeb.c"},
 "log":
 [{"message":
   ".> LEAN_PATH=/Users/fwmbam4/CodeHub/Frankie/ClassificationOfIntegersOfQuadraticNumberFields/.lake/packages/Cli/.lake/build/lib/lean:/Users/fwmbam4/CodeHub/Frankie/ClassificationOfIntegersOfQuadraticNumberFields/.lake/packages/batteries/.lake/build/lib/lean:/Users/fwmbam4/CodeHub/Frankie/ClassificationOfIntegersOfQuadraticNumberFields/.lake/packages/Qq/.lake/build/lib/lean:/Users/fwmbam4/CodeHub/Frankie/ClassificationOfIntegersOfQuadraticNumberFields/.lake/packages/aesop/.lake/build/lib/lean:/Users/fwmbam4/CodeHub/Frankie/ClassificationOfIntegersOfQuadraticNumberFields/.lake/packages/proofwidgets/.lake/build/lib/lean:/Users/fwmbam4/CodeHub/Frankie/ClassificationOfIntegersOfQuadraticNumberFields/.lake/packages/importGraph/.lake/build/lib/lean:/Users/fwmbam4/CodeHub/Frankie/ClassificationOfIntegersOfQuadraticNumberFields/.lake/packages/LeanSearchClient/.lake/build/lib/lean:/Users/fwmbam4/CodeHub/Frankie/ClassificationOfIntegersOfQuadraticNumberFields/.lake/packages/plausible/.lake/build/lib/lean:/Users/fwmbam4/CodeHub/Frankie/ClassificationOfIntegersOfQuadraticNumberFields/.lake/packages/mathlib/.lake/build/lib/lean:/Users/fwmbam4/CodeHub/Frankie/ClassificationOfIntegersOfQuadraticNumberFields/.lake/build/lib/lean /Users/fwmbam4/.elan/toolchains/leanprover--lean4---v4.29.0-rc2/bin/lean /Users/fwmbam4/CodeHub/Frankie/ClassificationOfIntegersOfQuadraticNumberFields/ClassificationOfIntegersOfQuadraticNumberFields.lean -o /Users/fwmbam4/CodeHub/Frankie/ClassificationOfIntegersOfQuadraticNumberFields/.lake/build/lib/lean/ClassificationOfIntegersOfQuadraticNumberFields.olean -i /Users/fwmbam4/CodeHub/Frankie/ClassificationOfIntegersOfQuadraticNumberFields/.lake/build/lib/lean/ClassificationOfIntegersOfQuadraticNumberFields.ilean -c /Users/fwmbam4/CodeHub/Frankie/ClassificationOfIntegersOfQuadraticNumberFields/.lake/build/ir/ClassificationOfIntegersOfQuadraticNumberFields.c --setup /Users/fwmbam4/CodeHub/Frankie/ClassificationOfIntegersOfQuadraticNumberFields/.lake/build/ir/ClassificationOfIntegersOfQuadraticNumberFields.setup.json --json",
   "level": "trace"}],
 "inputs":
 [["ClassificationOfIntegersOfQuadraticNumberFields:deps",
   [["deps",
     [["ClassificationOfIntegersOfQuadraticNumberFields/ClassificationOfIntegersOfQuadraticNumberFields:extraDep",
       [["@ClassificationOfIntegersOfQuadraticNumberFields:extraDep",
         "00000000000006bb"]]],
      ["imports",
       [["ClassificationOfIntegersOfQuadraticNumberFields.Core transitive imports (legacy)",
         "833a842f6037de0c"],
        ["ClassificationOfIntegersOfQuadraticNumberFields.Core:importAllArts",
         "b752d9336bc69605"]]]]],
    ["libs",
     [["import dynlibs", "00000000000006bb"],
      ["package external libraries", "00000000000006bb"],
      ["module dynlibs", "00000000000006bb"],
      ["module plugins", "00000000000006bb"]]]]],
  ["Lean 4.29.0, commit 83e54b65b65d1d3ce31d99d820a7bd5f3e219295",
   "e77748eb16099172"],
  ["/Users/fwmbam4/CodeHub/Frankie/ClassificationOfIntegersOfQuadraticNumberFields/ClassificationOfIntegersOfQuadraticNumberFields.lean",
   "cb956167c01ade32"],
  ["options",
   [["-DmaxSynthPendingDepth=3", "c78e353d34de85d4"],
    ["-Dweak.linter.mathlibStandardSet=true", "8a155799906f2b42"],
    ["-DrelaxedAutoImplicit=false", "74a2b5546b55be80"],
    ["-Dpp.unicode.fun=true", "9b94070140457fab"]]],
  ["isModule: false", "feefd2a0d3a1847e"],
  ["Module.name: ClassificationOfIntegersOfQuadraticNumberFields",
   "e7ef4fc4f32ef8b3"],
  ["Package.id?: (some ClassificationOfIntegersOfQuadraticNumberFields)",
   "c2c040b483670d6e"],
  ["Module.leanArgs: #[]", "00000000000006bb"]],
 "depHash": "ab1538ef393dfb15"}