INFO:  latexindent.pl version 3.24.7, 2025-08-15, a script to indent .tex files
       latexindent.pl lives here: /opt/homebrew/Cellar/latexindent/3.24.7_1/libexec/bin/
       Fri Feb 27 04:35:25 2026
       Filename: /Users/fwmbam4/CodeHub/Frankie/ClassificationOfIntegersOfQuadraticNumberFields/tex/report/report.tex
INFO:  Processing switches:
       -s|--silent: Silent mode active (you have used either -s or --silent)
       -w|--overwrite: Overwrite mode active, will make a back up before overwriting
INFO:  Directory for backup files and log file indent.log:
       /Users/fwmbam4/CodeHub/Frankie/ClassificationOfIntegersOfQuadraticNumberFields/tex/report
INFO:  Perl modules are being loaded from the following directories:
       /opt/homebrew/opt/perl/lib/perl5/5.42/FindBin.pm
       /opt/homebrew/Cellar/latexindent/3.24.7_1/libexec/lib/perl5/YAML/Tiny.pm
       /opt/homebrew/opt/perl/lib/perl5/5.42/File/Copy.pm
       /opt/homebrew/opt/perl/lib/perl5/5.42/File/Basename.pm
       /opt/homebrew/opt/perl/lib/perl5/5.42/Getopt/Long.pm
       /opt/homebrew/Cellar/latexindent/3.24.7_1/libexec/lib/perl5/File/HomeDir.pm
INFO:  LatexIndent perl modules are being loaded from, for example:
       /opt/homebrew/Cellar/latexindent/3.24.7_1/libexec/lib/perl5/LatexIndent/Document.pm
INFO:  YAML settings read: defaultSettings.yaml
       Reading defaultSettings.yaml from /opt/homebrew/Cellar/latexindent/3.24.7_1/libexec/bin/defaultSettings.yaml
INFO:  YAML reading settings
       Home directory is /Users/fwmbam4
       latexindent.pl didn't find indentconfig.yaml or .indentconfig.yaml
       see all possible locations: https://latexindentpl.readthedocs.io/en/latest/sec-appendices.html#indentconfig-options)
INFO:  Backup procedure (-w flag active):
       /Users/fwmbam4/CodeHub/Frankie/ClassificationOfIntegersOfQuadraticNumberFields/tex/report/report.bak0 already exists, incrementing by 1 (see maxNumberOfBackUps)
       /Users/fwmbam4/CodeHub/Frankie/ClassificationOfIntegersOfQuadraticNumberFields/tex/report/report.bak1 already exists, incrementing by 1 (see maxNumberOfBackUps)
       Backing up /Users/fwmbam4/CodeHub/Frankie/ClassificationOfIntegersOfQuadraticNumberFields/tex/report/report.tex to /Users/fwmbam4/CodeHub/Frankie/ClassificationOfIntegersOfQuadraticNumberFields/tex/report/report.bak2...
       /Users/fwmbam4/CodeHub/Frankie/ClassificationOfIntegersOfQuadraticNumberFields/tex/report/report.tex will be overwritten after indentation
INFO:  Phase 1: searching for objects
INFO:  Phase 2: finding surrounding indentation
INFO:  Phase 3: indenting objects
INFO:  Phase 4: final indentation check
INFO:  Output routine:
       Overwriting file /Users/fwmbam4/CodeHub/Frankie/ClassificationOfIntegersOfQuadraticNumberFields/tex/report/report.tex
       --------------
INFO:  Please direct all communication/issues to:
        https://github.com/cmhughes/latexindent.pl
