{"synthetic": false,
 "schemaVersion": "2025-09-10",
 "outputs":
 {"o": ["92deef3e9a96e09c.olean"],
  "i": "a2e2f2c68dd5a194.ilean",
  "c": "e7bcaf6a71faae48.c"},
 "log":
 [{"message":
   ".> LEAN_PATH=/Users/fwmbam4/CodeHub/Frankie/ClassificationOfIntegersOfQuadraticNumberFields/.lake/packages/Cli/.lake/build/lib/lean:/Users/fwmbam4/CodeHub/Frankie/ClassificationOfIntegersOfQuadraticNumberFields/.lake/packages/batteries/.lake/build/lib/lean:/Users/fwmbam4/CodeHub/Frankie/ClassificationOfIntegersOfQuadraticNumberFields/.lake/packages/Qq/.lake/build/lib/lean:/Users/fwmbam4/CodeHub/Frankie/ClassificationOfIntegersOfQuadraticNumberFields/.lake/packages/aesop/.lake/build/lib/lean:/Users/fwmbam4/CodeHub/Frankie/ClassificationOfIntegersOfQuadraticNumberFields/.lake/packages/proofwidgets/.lake/build/lib/lean:/Users/fwmbam4/CodeHub/Frankie/ClassificationOfIntegersOfQuadraticNumberFields/.lake/packages/importGraph/.lake/build/lib/lean:/Users/fwmbam4/CodeHub/Frankie/ClassificationOfIntegersOfQuadraticNumberFields/.lake/packages/LeanSearchClient/.lake/build/lib/lean:/Users/fwmbam4/CodeHub/Frankie/ClassificationOfIntegersOfQuadraticNumberFields/.lake/packages/plausible/.lake/build/lib/lean:/Users/fwmbam4/CodeHub/Frankie/ClassificationOfIntegersOfQuadraticNumberFields/.lake/packages/mathlib/.lake/build/lib/lean:/Users/fwmbam4/CodeHub/Frankie/ClassificationOfIntegersOfQuadraticNumberFields/.lake/build/lib/lean /Users/fwmbam4/.elan/toolchains/leanprover--lean4---v4.29.0-rc2/bin/lean /Users/fwmbam4/CodeHub/Frankie/ClassificationOfIntegersOfQuadraticNumberFields/ClassificationOfIntegersOfQuadraticNumberFields/Core.lean -o /Users/fwmbam4/CodeHub/Frankie/ClassificationOfIntegersOfQuadraticNumberFields/.lake/build/lib/lean/ClassificationOfIntegersOfQuadraticNumberFields/Core.olean -i /Users/fwmbam4/CodeHub/Frankie/ClassificationOfIntegersOfQuadraticNumberFields/.lake/build/lib/lean/ClassificationOfIntegersOfQuadraticNumberFields/Core.ilean -c /Users/fwmbam4/CodeHub/Frankie/ClassificationOfIntegersOfQuadraticNumberFields/.lake/build/ir/ClassificationOfIntegersOfQuadraticNumberFields/Core.c --setup /Users/fwmbam4/CodeHub/Frankie/ClassificationOfIntegersOfQuadraticNumberFields/.lake/build/ir/ClassificationOfIntegersOfQuadraticNumberFields/Core.setup.json --json",
   "level": "trace"},
  {"message":
   "ClassificationOfIntegersOfQuadraticNumberFields/Core.lean:66:50: try 'simp' instead of 'simpa'\n\nNote: This linter can be disabled with `set_option linter.unnecessarySimpa false`",
   "level": "warning"}],
 "inputs":
 [["ClassificationOfIntegersOfQuadraticNumberFields.Core:deps",
   [["deps",
     [["ClassificationOfIntegersOfQuadraticNumberFields/ClassificationOfIntegersOfQuadraticNumberFields:extraDep",
       [["@ClassificationOfIntegersOfQuadraticNumberFields:extraDep",
         "00000000000006bb"]]],
      ["imports",
       [["Mathlib transitive imports (legacy)", "758146052c47d380"],
        ["Mathlib:importAllArts", "8eb774d586c39157"]]]]],
    ["libs",
     [["import dynlibs", "00000000000006bb"],
      ["package external libraries", "00000000000006bb"],
      ["module dynlibs", "00000000000006bb"],
      ["module plugins", "00000000000006bb"]]]]],
  ["Lean 4.29.0, commit 83e54b65b65d1d3ce31d99d820a7bd5f3e219295",
   "e77748eb16099172"],
  ["/Users/fwmbam4/CodeHub/Frankie/ClassificationOfIntegersOfQuadraticNumberFields/ClassificationOfIntegersOfQuadraticNumberFields/Core.lean",
   "42d48749535f0dcc"],
  ["options",
   [["-DmaxSynthPendingDepth=3", "c78e353d34de85d4"],
    ["-Dweak.linter.mathlibStandardSet=true", "8a155799906f2b42"],
    ["-DrelaxedAutoImplicit=false", "74a2b5546b55be80"],
    ["-Dpp.unicode.fun=true", "9b94070140457fab"]]],
  ["isModule: false", "feefd2a0d3a1847e"],
  ["Module.name: ClassificationOfIntegersOfQuadraticNumberFields.Core",
   "bf4896a784accf3f"],
  ["Package.id?: (some ClassificationOfIntegersOfQuadraticNumberFields)",
   "c2c040b483670d6e"],
  ["Module.leanArgs: #[]", "00000000000006bb"]],
 "depHash": "aeb4f25248181f94"}